<?xml version="1.0" encoding="UTF-8"?>
<!-- Generated by org.testng.reporters.JUnitReportReporter -->
<testsuite hostname="LAPTOP-1ATVOVSF" failures="0" tests="1" name="test_cases.Login_Page_Test" time="15.874" errors="0" timestamp="2021-07-23T11:42:52 IST" skipped="0">
  <testcase classname="test_cases.Login_Page_Test" name="login_Page_Test" time="15.874"/>
  <system-out/>
</testsuite> <!-- test_cases.Login_Page_Test -->
